<?xml version="1.0" encoding="UTF-8"?>
<coverage generated="1616571590026" clover="3.2.0">
  <project timestamp="1616571590027" name="All files">
    <metrics statements="151" coveredstatements="130" conditionals="52" coveredconditionals="39" methods="41" coveredmethods="25" elements="244" coveredelements="194" complexity="0" loc="151" ncloc="151" packages="2" files="6" classes="6"/>
    <package name="SmoldotProvider">
      <metrics statements="149" coveredstatements="128" conditionals="52" coveredconditionals="39" methods="40" coveredmethods="24"/>
      <file name="BrowserDatabase.ts" path="/Users/stormsheep/Documents/repos/parity/substrate-connect/packages/connect/src/SmoldotProvider/BrowserDatabase.ts">
        <metrics statements="6" coveredstatements="0" conditionals="2" coveredconditionals="0" methods="5" coveredmethods="0"/>
        <line num="10" count="0" type="stmt"/>
        <line num="13" count="0" type="stmt"/>
        <line num="17" count="0" type="cond" truecount="0" falsecount="2"/>
        <line num="21" count="0" type="stmt"/>
        <line num="25" count="0" type="stmt"/>
        <line num="30" count="0" type="stmt"/>
      </file>
      <file name="Database.ts" path="/Users/stormsheep/Documents/repos/parity/substrate-connect/packages/connect/src/SmoldotProvider/Database.ts">
        <metrics statements="4" coveredstatements="1" conditionals="2" coveredconditionals="0" methods="2" coveredmethods="0"/>
        <line num="46" count="2" type="stmt"/>
        <line num="47" count="0" type="stmt"/>
        <line num="66" count="0" type="cond" truecount="0" falsecount="2"/>
        <line num="68" count="0" type="stmt"/>
      </file>
      <file name="FsDatabase.ts" path="/Users/stormsheep/Documents/repos/parity/substrate-connect/packages/connect/src/SmoldotProvider/FsDatabase.ts">
        <metrics statements="14" coveredstatements="12" conditionals="2" coveredconditionals="1" methods="5" coveredmethods="4"/>
        <line num="15" count="6" type="stmt"/>
        <line num="18" count="6" type="stmt"/>
        <line num="19" count="6" type="stmt"/>
        <line num="20" count="6" type="stmt"/>
        <line num="22" count="6" type="stmt"/>
        <line num="26" count="5" type="stmt"/>
        <line num="27" count="5" type="stmt"/>
        <line num="30" count="4" type="cond" truecount="1" falsecount="1"/>
        <line num="31" count="4" type="stmt"/>
        <line num="34" count="0" type="stmt"/>
        <line num="37" count="1" type="stmt"/>
        <line num="41" count="2" type="stmt"/>
        <line num="45" count="2" type="stmt"/>
        <line num="50" count="0" type="stmt"/>
      </file>
      <file name="SmoldotProvider.ts" path="/Users/stormsheep/Documents/repos/parity/substrate-connect/packages/connect/src/SmoldotProvider/SmoldotProvider.ts">
        <metrics statements="120" coveredstatements="111" conditionals="45" coveredconditionals="37" methods="26" coveredmethods="19"/>
        <line num="20" count="2" type="stmt"/>
        <line num="48" count="2" type="stmt"/>
        <line num="58" count="2" type="stmt"/>
        <line num="93" count="18" type="stmt"/>
        <line num="94" count="18" type="stmt"/>
        <line num="95" count="18" type="stmt"/>
        <line num="96" count="18" type="stmt"/>
        <line num="97" count="18" type="stmt"/>
        <line num="98" count="18" type="stmt"/>
        <line num="99" count="18" type="stmt"/>
        <line num="100" count="18" type="stmt"/>
        <line num="101" count="18" type="stmt"/>
        <line num="102" count="18" type="stmt"/>
        <line num="105" count="18" type="stmt"/>
        <line num="110" count="18" type="stmt"/>
        <line num="120" count="18" type="stmt"/>
        <line num="121" count="18" type="cond" truecount="2" falsecount="0"/>
        <line num="122" count="18" type="cond" truecount="1" falsecount="1"/>
        <line num="123" count="18" type="stmt"/>
        <line num="131" count="1485" type="stmt"/>
        <line num="139" count="0" type="stmt"/>
        <line num="142" count="18" type="stmt"/>
        <line num="143" count="81" type="stmt"/>
        <line num="145" count="81" type="stmt"/>
        <line num="147" count="81" type="stmt"/>
        <line num="152" count="18" type="stmt"/>
        <line num="153" count="71" type="stmt"/>
        <line num="155" count="71" type="cond" truecount="1" falsecount="1"/>
        <line num="156" count="0" type="stmt"/>
        <line num="158" count="0" type="stmt"/>
        <line num="161" count="71" type="stmt"/>
        <line num="162" count="71" type="stmt"/>
        <line num="163" count="71" type="stmt"/>
        <line num="167" count="69" type="stmt"/>
        <line num="169" count="69" type="cond" truecount="2" falsecount="0"/>
        <line num="170" count="12" type="stmt"/>
        <line num="172" count="12" type="stmt"/>
        <line num="179" count="12" type="cond" truecount="2" falsecount="0"/>
        <line num="180" count="1" type="stmt"/>
        <line num="184" count="2" type="stmt"/>
        <line num="187" count="71" type="stmt"/>
        <line num="190" count="18" type="stmt"/>
        <line num="191" count="11" type="cond" truecount="2" falsecount="1"/>
        <line num="192" count="11" type="stmt"/>
        <line num="193" count="11" type="stmt"/>
        <line num="195" count="11" type="cond" truecount="2" falsecount="0"/>
        <line num="197" count="3" type="stmt"/>
        <line num="199" count="3" type="stmt"/>
        <line num="201" count="3" type="stmt"/>
        <line num="205" count="8" type="stmt"/>
        <line num="207" count="8" type="stmt"/>
        <line num="208" count="8" type="stmt"/>
        <line num="210" count="8" type="stmt"/>
        <line num="212" count="0" type="stmt"/>
        <line num="216" count="18" type="stmt"/>
        <line num="219" count="30" type="cond" truecount="2" falsecount="0"/>
        <line num="221" count="19" type="cond" truecount="2" falsecount="0"/>
        <line num="222" count="1" type="stmt"/>
        <line num="223" count="1" type="stmt"/>
        <line num="224" count="1" type="stmt"/>
        <line num="225" count="1" type="stmt"/>
        <line num="228" count="18" type="stmt"/>
        <line num="231" count="11" type="stmt"/>
        <line num="233" count="11" type="stmt"/>
        <line num="234" count="11" type="stmt"/>
        <line num="236" count="11" type="cond" truecount="3" falsecount="1"/>
        <line num="238" count="0" type="stmt"/>
        <line num="241" count="11" type="cond" truecount="4" falsecount="0"/>
        <line num="242" count="2" type="stmt"/>
        <line num="243" count="2" type="stmt"/>
        <line num="244" count="2" type="stmt"/>
        <line num="245" count="2" type="stmt"/>
        <line num="248" count="9" type="cond" truecount="4" falsecount="0"/>
        <line num="249" count="6" type="stmt"/>
        <line num="250" count="6" type="stmt"/>
        <line num="251" count="6" type="stmt"/>
        <line num="252" count="6" type="stmt"/>
        <line num="258" count="18" type="stmt"/>
        <line num="259" count="31" type="stmt"/>
        <line num="261" count="1" type="stmt"/>
        <line num="267" count="18" type="stmt"/>
        <line num="268" count="18" type="cond" truecount="2" falsecount="0"/>
        <line num="269" count="18" type="stmt"/>
        <line num="270" count="18" type="stmt"/>
        <line num="275" count="81" type="stmt"/>
        <line num="278" count="0" type="stmt"/>
        <line num="279" count="0" type="cond" truecount="0" falsecount="2"/>
        <line num="280" count="0" type="stmt"/>
        <line num="284" count="17" type="stmt"/>
        <line num="287" count="1" type="stmt"/>
        <line num="296" count="16" type="stmt"/>
        <line num="297" count="16" type="cond" truecount="1" falsecount="1"/>
        <line num="299" count="16" type="stmt"/>
        <line num="302" count="16" type="cond" truecount="1" falsecount="1"/>
        <line num="303" count="16" type="stmt"/>
        <line num="306" count="16" type="stmt"/>
        <line num="307" count="16" type="stmt"/>
        <line num="309" count="0" type="stmt"/>
        <line num="318" count="6" type="stmt"/>
        <line num="332" count="20" type="stmt"/>
        <line num="334" count="20" type="stmt"/>
        <line num="335" count="3" type="stmt"/>
        <line num="352" count="71" type="stmt"/>
        <line num="353" count="71" type="stmt"/>
        <line num="354" count="71" type="stmt"/>
        <line num="355" count="71" type="stmt"/>
        <line num="357" count="71" type="stmt"/>
        <line num="358" count="71" type="stmt"/>
        <line num="363" count="71" type="stmt"/>
        <line num="365" count="71" type="stmt"/>
        <line num="372" count="71" type="stmt"/>
        <line num="408" count="12" type="stmt"/>
        <line num="410" count="12" type="stmt"/>
        <line num="421" count="2" type="stmt"/>
        <line num="423" count="2" type="cond" truecount="2" falsecount="0"/>
        <line num="424" count="1" type="stmt"/>
        <line num="426" count="1" type="stmt"/>
        <line num="429" count="1" type="stmt"/>
        <line num="431" count="1" type="stmt"/>
        <line num="436" count="27" type="stmt"/>
      </file>
      <file name="errors.ts" path="/Users/stormsheep/Documents/repos/parity/substrate-connect/packages/connect/src/SmoldotProvider/errors.ts">
        <metrics statements="5" coveredstatements="4" conditionals="1" coveredconditionals="1" methods="2" coveredmethods="1"/>
        <line num="2" count="1" type="stmt"/>
        <line num="5" count="0" type="stmt"/>
        <line num="9" count="1" type="stmt"/>
        <line num="10" count="1" type="stmt"/>
        <line num="12" count="1" type="stmt"/>
      </file>
    </package>
    <package name="utils">
      <metrics statements="2" coveredstatements="2" conditionals="0" coveredconditionals="0" methods="1" coveredmethods="1"/>
      <file name="index.ts" path="/Users/stormsheep/Documents/repos/parity/substrate-connect/packages/connect/src/utils/index.ts">
        <metrics statements="2" coveredstatements="2" conditionals="0" coveredconditionals="0" methods="1" coveredmethods="1"/>
        <line num="1" count="2" type="stmt"/>
        <line num="2" count="83" type="stmt"/>
      </file>
    </package>
  </project>
</coverage>
