{"/Users/stormsheep/Documents/repos/parity/substrate-connect/packages/connect/src/SmoldotProvider/BrowserDatabase.ts": {"path":"/Users/stormsheep/Documents/repos/parity/substrate-connect/packages/connect/src/SmoldotProvider/BrowserDatabase.ts","statementMap":{"0":{"start":{"line":10,"column":2},"end":{"line":10,"column":16}},"1":{"start":{"line":13,"column":4},"end":{"line":13,"column":48}},"2":{"start":{"line":17,"column":4},"end":{"line":17,"column":57}},"3":{"start":{"line":21,"column":4},"end":{"line":21,"column":51}},"4":{"start":{"line":25,"column":4},"end":{"line":25,"column":47}},"5":{"start":{"line":30,"column":2},"end":{"line":30,"column":47}}},"fnMap":{"0":{"name":"(anonymous_2)","decl":{"start":{"line":12,"column":2},"end":{"line":12,"column":14}},"loc":{"start":{"line":12,"column":26},"end":{"line":14,"column":3}}},"1":{"name":"(anonymous_3)","decl":{"start":{"line":16,"column":2},"end":{"line":16,"column":6}},"loc":{"start":{"line":16,"column":6},"end":{"line":18,"column":3}}},"2":{"name":"(anonymous_4)","decl":{"start":{"line":20,"column":2},"end":{"line":20,"column":6}},"loc":{"start":{"line":20,"column":20},"end":{"line":22,"column":3}}},"3":{"name":"(anonymous_5)","decl":{"start":{"line":24,"column":2},"end":{"line":24,"column":8}},"loc":{"start":{"line":24,"column":8},"end":{"line":26,"column":3}}},"4":{"name":"create","decl":{"start":{"line":29,"column":16},"end":{"line":29,"column":22}},"loc":{"start":{"line":29,"column":35},"end":{"line":31,"column":1}}}},"branchMap":{"0":{"loc":{"start":{"line":17,"column":11},"end":{"line":17,"column":50}},"type":"binary-expr","locations":[{"start":{"line":17,"column":11},"end":{"line":17,"column":50}},{"start":{"line":17,"column":54},"end":{"line":17,"column":56}}]}},"s":{"0":0,"1":0,"2":0,"3":0,"4":0,"5":0},"f":{"0":0,"1":0,"2":0,"3":0,"4":0},"b":{"0":[0,0]}}
,"/Users/stormsheep/Documents/repos/parity/substrate-connect/packages/connect/src/SmoldotProvider/Database.ts": {"path":"/Users/stormsheep/Documents/repos/parity/substrate-connect/packages/connect/src/SmoldotProvider/Database.ts","statementMap":{"0":{"start":{"line":46,"column":14},"end":{"line":48,"column":1}},"1":{"start":{"line":47,"column":2},"end":{"line":47,"column":32}},"2":{"start":{"line":66,"column":2},"end":{"line":66,"column":28}},"3":{"start":{"line":68,"column":2},"end":{"line":68,"column":33}}},"fnMap":{"0":{"name":"(anonymous_0)","decl":{"start":{"line":46,"column":14},"end":{"line":46,"column":15}},"loc":{"start":{"line":46,"column":40},"end":{"line":48,"column":1}}},"1":{"name":"database","decl":{"start":{"line":65,"column":24},"end":{"line":65,"column":32}},"loc":{"start":{"line":65,"column":47},"end":{"line":69,"column":1}}}},"branchMap":{"0":{"loc":{"start":{"line":66,"column":10},"end":{"line":66,"column":15}},"type":"binary-expr","locations":[{"start":{"line":66,"column":10},"end":{"line":66,"column":15}},{"start":{"line":66,"column":19},"end":{"line":66,"column":27}}]}},"s":{"0":1,"1":0,"2":0,"3":0},"f":{"0":0,"1":0},"b":{"0":[0,0]}}
,"/Users/stormsheep/Documents/repos/parity/substrate-connect/packages/connect/src/SmoldotProvider/FsDatabase.ts": {"path":"/Users/stormsheep/Documents/repos/parity/substrate-connect/packages/connect/src/SmoldotProvider/FsDatabase.ts","statementMap":{"0":{"start":{"line":15,"column":2},"end":{"line":15,"column":16}},"1":{"start":{"line":18,"column":16},"end":{"line":18,"column":29}},"2":{"start":{"line":19,"column":18},"end":{"line":19,"column":38}},"3":{"start":{"line":20,"column":4},"end":{"line":20,"column":23}},"4":{"start":{"line":22,"column":4},"end":{"line":22,"column":45}},"5":{"start":{"line":26,"column":4},"end":{"line":35,"column":null}},"6":{"start":{"line":27,"column":6},"end":{"line":27,"column":27}},"7":{"start":{"line":30,"column":6},"end":{"line":32,"column":null}},"8":{"start":{"line":31,"column":8},"end":{"line":31,"column":18}},"9":{"start":{"line":34,"column":6},"end":{"line":34,"column":18}},"10":{"start":{"line":37,"column":4},"end":{"line":37,"column":59}},"11":{"start":{"line":41,"column":4},"end":{"line":41,"column":37}},"12":{"start":{"line":45,"column":6},"end":{"line":45,"column":29}},"13":{"start":{"line":50,"column":2},"end":{"line":50,"column":42}}},"fnMap":{"0":{"name":"(anonymous_2)","decl":{"start":{"line":17,"column":2},"end":{"line":17,"column":14}},"loc":{"start":{"line":17,"column":26},"end":{"line":23,"column":3}}},"1":{"name":"(anonymous_3)","decl":{"start":{"line":25,"column":2},"end":{"line":25,"column":6}},"loc":{"start":{"line":25,"column":6},"end":{"line":38,"column":3}}},"2":{"name":"(anonymous_4)","decl":{"start":{"line":40,"column":2},"end":{"line":40,"column":6}},"loc":{"start":{"line":40,"column":20},"end":{"line":42,"column":3}}},"3":{"name":"(anonymous_5)","decl":{"start":{"line":44,"column":2},"end":{"line":44,"column":8}},"loc":{"start":{"line":44,"column":8},"end":{"line":46,"column":3}}},"4":{"name":"create","decl":{"start":{"line":49,"column":16},"end":{"line":49,"column":22}},"loc":{"start":{"line":49,"column":35},"end":{"line":51,"column":1}}}},"branchMap":{"0":{"loc":{"start":{"line":30,"column":6},"end":{"line":32,"column":null}},"type":"if","locations":[{"start":{"line":30,"column":6},"end":{"line":32,"column":null}},{"start":{"line":30,"column":6},"end":{"line":32,"column":null}}]}},"s":{"0":3,"1":3,"2":3,"3":3,"4":3,"5":3,"6":3,"7":3,"8":3,"9":0,"10":0,"11":0,"12":0,"13":0},"f":{"0":3,"1":3,"2":0,"3":0,"4":0},"b":{"0":[3,0]}}
,"/Users/stormsheep/Documents/repos/parity/substrate-connect/packages/connect/src/SmoldotProvider/SmoldotProvider.ts": {"path":"/Users/stormsheep/Documents/repos/parity/substrate-connect/packages/connect/src/SmoldotProvider/SmoldotProvider.ts","statementMap":{"0":{"start":{"line":20,"column":10},"end":{"line":20,"column":36}},"1":{"start":{"line":48,"column":48},"end":{"line":52,"column":2}},"2":{"start":{"line":58,"column":41},"end":{"line":58,"column":45}},"3":{"start":{"line":93,"column":2},"end":{"line":93,"column":21}},"4":{"start":{"line":94,"column":2},"end":{"line":94,"column":45}},"5":{"start":{"line":95,"column":2},"end":{"line":95,"column":60}},"6":{"start":{"line":96,"column":2},"end":{"line":96,"column":60}},"7":{"start":{"line":97,"column":2},"end":{"line":97,"column":66}},"8":{"start":{"line":98,"column":2},"end":{"line":98,"column":63}},"9":{"start":{"line":99,"column":2},"end":{"line":99,"column":66}},"10":{"start":{"line":100,"column":2},"end":{"line":100,"column":23}},"11":{"start":{"line":101,"column":2},"end":{"line":101,"column":57}},"12":{"start":{"line":102,"column":2},"end":{"line":102,"column":16}},"13":{"start":{"line":105,"column":2},"end":{"line":105,"column":28}},"14":{"start":{"line":110,"column":2},"end":{"line":110,"column":58}},"15":{"start":{"line":142,"column":2},"end":{"line":150,"column":null}},"16":{"start":{"line":143,"column":4},"end":{"line":143,"column":37}},"17":{"start":{"line":143,"column":18},"end":{"line":143,"column":35}},"18":{"start":{"line":145,"column":21},"end":{"line":145,"column":55}},"19":{"start":{"line":147,"column":4},"end":{"line":149,"column":43}},"20":{"start":{"line":152,"column":1},"end":{"line":188,"column":null}},"21":{"start":{"line":153,"column":20},"end":{"line":153,"column":47}},"22":{"start":{"line":155,"column":4},"end":{"line":159,"column":null}},"23":{"start":{"line":156,"column":6},"end":{"line":156,"column":68}},"24":{"start":{"line":156,"column":20},"end":{"line":156,"column":66}},"25":{"start":{"line":158,"column":6},"end":{"line":158,"column":13}},"26":{"start":{"line":161,"column":4},"end":{"line":185,"column":null}},"27":{"start":{"line":162,"column":47},"end":{"line":162,"column":54}},"28":{"start":{"line":163,"column":21},"end":{"line":163,"column":67}},"29":{"start":{"line":167,"column":6},"end":{"line":167,"column":37}},"30":{"start":{"line":169,"column":6},"end":{"line":182,"column":null}},"31":{"start":{"line":170,"column":22},"end":{"line":170,"column":55}},"32":{"start":{"line":172,"column":8},"end":{"line":176,"column":10}},"33":{"start":{"line":179,"column":8},"end":{"line":181,"column":null}},"34":{"start":{"line":180,"column":10},"end":{"line":180,"column":62}},"35":{"start":{"line":184,"column":6},"end":{"line":184,"column":41}},"36":{"start":{"line":187,"column":4},"end":{"line":187,"column":39}},"37":{"start":{"line":190,"column":2},"end":{"line":214,"column":null}},"38":{"start":{"line":191,"column":19},"end":{"line":191,"column":88}},"39":{"start":{"line":192,"column":18},"end":{"line":192,"column":62}},"40":{"start":{"line":193,"column":20},"end":{"line":193,"column":46}},"41":{"start":{"line":195,"column":4},"end":{"line":202,"column":null}},"42":{"start":{"line":197,"column":6},"end":{"line":197,"column":43}},"43":{"start":{"line":199,"column":6},"end":{"line":199,"column":98}},"44":{"start":{"line":199,"column":20},"end":{"line":199,"column":96}},"45":{"start":{"line":201,"column":6},"end":{"line":201,"column":13}},"46":{"start":{"line":205,"column":4},"end":{"line":205,"column":37}},"47":{"start":{"line":207,"column":4},"end":{"line":213,"column":null}},"48":{"start":{"line":208,"column":21},"end":{"line":208,"column":57}},"49":{"start":{"line":210,"column":6},"end":{"line":210,"column":37}},"50":{"start":{"line":212,"column":6},"end":{"line":212,"column":41}},"51":{"start":{"line":216,"column":2},"end":{"line":256,"column":null}},"52":{"start":{"line":219,"column":4},"end":{"line":229,"column":null}},"53":{"start":{"line":221,"column":6},"end":{"line":226,"column":null}},"54":{"start":{"line":222,"column":8},"end":{"line":222,"column":33}},"55":{"start":{"line":223,"column":8},"end":{"line":223,"column":31}},"56":{"start":{"line":224,"column":8},"end":{"line":224,"column":37}},"57":{"start":{"line":225,"column":8},"end":{"line":225,"column":15}},"58":{"start":{"line":228,"column":6},"end":{"line":228,"column":13}},"59":{"start":{"line":231,"column":22},"end":{"line":231,"column":34}},"60":{"start":{"line":233,"column":4},"end":{"line":233,"column":62}},"61":{"start":{"line":234,"column":4},"end":{"line":234,"column":78}},"62":{"start":{"line":236,"column":4},"end":{"line":239,"column":null}},"63":{"start":{"line":238,"column":6},"end":{"line":238,"column":13}},"64":{"start":{"line":241,"column":4},"end":{"line":246,"column":null}},"65":{"start":{"line":242,"column":6},"end":{"line":242,"column":32}},"66":{"start":{"line":243,"column":6},"end":{"line":243,"column":32}},"67":{"start":{"line":244,"column":6},"end":{"line":244,"column":38}},"68":{"start":{"line":245,"column":6},"end":{"line":245,"column":13}},"69":{"start":{"line":248,"column":4},"end":{"line":253,"column":null}},"70":{"start":{"line":249,"column":6},"end":{"line":249,"column":31}},"71":{"start":{"line":250,"column":6},"end":{"line":250,"column":29}},"72":{"start":{"line":251,"column":6},"end":{"line":251,"column":35}},"73":{"start":{"line":252,"column":6},"end":{"line":252,"column":13}},"74":{"start":{"line":258,"column":2},"end":{"line":262,"column":null}},"75":{"start":{"line":259,"column":4},"end":{"line":261,"column":71}},"76":{"start":{"line":261,"column":22},"end":{"line":261,"column":69}},"77":{"start":{"line":267,"column":9},"end":{"line":289,"column":null}},"78":{"start":{"line":268,"column":4},"end":{"line":268,"column":79}},"79":{"start":{"line":269,"column":4},"end":{"line":288,"column":null}},"80":{"start":{"line":270,"column":6},"end":{"line":283,"column":null}},"81":{"start":{"line":275,"column":12},"end":{"line":275,"column":45}},"82":{"start":{"line":278,"column":10},"end":{"line":278,"column":55}},"83":{"start":{"line":279,"column":10},"end":{"line":281,"column":null}},"84":{"start":{"line":280,"column":12},"end":{"line":280,"column":44}},"85":{"start":{"line":284,"column":6},"end":{"line":285,"column":61}},"86":{"start":{"line":287,"column":6},"end":{"line":287,"column":32}},"87":{"start":{"line":120,"column":4},"end":{"line":120,"column":32}},"88":{"start":{"line":121,"column":4},"end":{"line":121,"column":34}},"89":{"start":{"line":122,"column":4},"end":{"line":122,"column":32}},"90":{"start":{"line":123,"column":4},"end":{"line":123,"column":41}},"91":{"start":{"line":131,"column":4},"end":{"line":131,"column":16}},"92":{"start":{"line":139,"column":4},"end":{"line":139,"column":49}},"93":{"start":{"line":296,"column":4},"end":{"line":310,"column":null}},"94":{"start":{"line":297,"column":6},"end":{"line":300,"column":null}},"95":{"start":{"line":299,"column":8},"end":{"line":299,"column":31}},"96":{"start":{"line":302,"column":6},"end":{"line":304,"column":null}},"97":{"start":{"line":303,"column":8},"end":{"line":303,"column":53}},"98":{"start":{"line":306,"column":6},"end":{"line":306,"column":32}},"99":{"start":{"line":307,"column":6},"end":{"line":307,"column":32}},"100":{"start":{"line":309,"column":6},"end":{"line":309,"column":32}},"101":{"start":{"line":318,"column":4},"end":{"line":318,"column":29}},"102":{"start":{"line":332,"column":4},"end":{"line":332,"column":37}},"103":{"start":{"line":334,"column":4},"end":{"line":336,"column":6}},"104":{"start":{"line":335,"column":6},"end":{"line":335,"column":51}},"105":{"start":{"line":352,"column":4},"end":{"line":373,"column":7}},"106":{"start":{"line":353,"column":8},"end":{"line":353,"column":58}},"107":{"start":{"line":354,"column":21},"end":{"line":354,"column":59}},"108":{"start":{"line":355,"column":19},"end":{"line":355,"column":38}},"109":{"start":{"line":357,"column":25},"end":{"line":361,"column":9}},"110":{"start":{"line":358,"column":10},"end":{"line":360,"column":30}},"111":{"start":{"line":363,"column":8},"end":{"line":363,"column":49}},"112":{"start":{"line":363,"column":22},"end":{"line":363,"column":47}},"113":{"start":{"line":365,"column":8},"end":{"line":370,"column":10}},"114":{"start":{"line":372,"column":6},"end":{"line":372,"column":39}},"115":{"start":{"line":408,"column":15},"end":{"line":408,"column":66}},"116":{"start":{"line":410,"column":4},"end":{"line":410,"column":14}},"117":{"start":{"line":421,"column":25},"end":{"line":421,"column":41}},"118":{"start":{"line":423,"column":4},"end":{"line":427,"column":null}},"119":{"start":{"line":424,"column":6},"end":{"line":424,"column":74}},"120":{"start":{"line":424,"column":20},"end":{"line":424,"column":72}},"121":{"start":{"line":426,"column":6},"end":{"line":426,"column":19}},"122":{"start":{"line":429,"column":4},"end":{"line":429,"column":45}},"123":{"start":{"line":431,"column":4},"end":{"line":431,"column":61}},"124":{"start":{"line":436,"column":4},"end":{"line":436,"column":43}}},"fnMap":{"0":{"name":"(anonymous_2)","decl":{"start":{"line":119,"column":3},"end":{"line":119,"column":22}},"loc":{"start":{"line":119,"column":64},"end":{"line":124,"column":3}}},"1":{"name":"(anonymous_3)","decl":{"start":{"line":142,"column":22},"end":{"line":142,"column":23}},"loc":{"start":{"line":142,"column":38},"end":{"line":150,"column":3}}},"2":{"name":"(anonymous_4)","decl":{"start":{"line":143,"column":12},"end":{"line":143,"column":15}},"loc":{"start":{"line":143,"column":18},"end":{"line":143,"column":35}}},"3":{"name":"(anonymous_5)","decl":{"start":{"line":152,"column":20},"end":{"line":152,"column":21}},"loc":{"start":{"line":152,"column":56},"end":{"line":188,"column":3}}},"4":{"name":"(anonymous_6)","decl":{"start":{"line":156,"column":14},"end":{"line":156,"column":17}},"loc":{"start":{"line":156,"column":20},"end":{"line":156,"column":66}}},"5":{"name":"(anonymous_7)","decl":{"start":{"line":190,"column":24},"end":{"line":190,"column":25}},"loc":{"start":{"line":190,"column":60},"end":{"line":214,"column":3}}},"6":{"name":"(anonymous_8)","decl":{"start":{"line":199,"column":14},"end":{"line":199,"column":17}},"loc":{"start":{"line":199,"column":20},"end":{"line":199,"column":96}}},"7":{"name":"(anonymous_9)","decl":{"start":{"line":216,"column":23},"end":{"line":216,"column":24}},"loc":{"start":{"line":216,"column":50},"end":{"line":256,"column":3}}},"8":{"name":"(anonymous_10)","decl":{"start":{"line":258,"column":26},"end":{"line":258,"column":35}},"loc":{"start":{"line":258,"column":37},"end":{"line":262,"column":3}}},"9":{"name":"(anonymous_11)","decl":{"start":{"line":261,"column":13},"end":{"line":261,"column":18}},"loc":{"start":{"line":261,"column":22},"end":{"line":261,"column":69}}},"10":{"name":"(anonymous_12)","decl":{"start":{"line":267,"column":19},"end":{"line":267,"column":24}},"loc":{"start":{"line":267,"column":45},"end":{"line":289,"column":3}}},"11":{"name":"(anonymous_13)","decl":{"start":{"line":274,"column":27},"end":{"line":274,"column":28}},"loc":{"start":{"line":274,"column":48},"end":{"line":276,"column":9}}},"12":{"name":"(anonymous_14)","decl":{"start":{"line":277,"column":32},"end":{"line":277,"column":33}},"loc":{"start":{"line":277,"column":61},"end":{"line":282,"column":9}}},"13":{"name":"(anonymous_15)","decl":{"start":{"line":130,"column":2},"end":{"line":130,"column":13}},"loc":{"start":{"line":130,"column":29},"end":{"line":132,"column":3}}},"14":{"name":"(anonymous_16)","decl":{"start":{"line":138,"column":9},"end":{"line":138,"column":14}},"loc":{"start":{"line":138,"column":14},"end":{"line":140,"column":3}}},"15":{"name":"(anonymous_17)","decl":{"start":{"line":295,"column":9},"end":{"line":295,"column":14}},"loc":{"start":{"line":295,"column":25},"end":{"line":311,"column":3}}},"16":{"name":"(anonymous_18)","decl":{"start":{"line":317,"column":2},"end":{"line":317,"column":13}},"loc":{"start":{"line":317,"column":24},"end":{"line":319,"column":3}}},"17":{"name":"(anonymous_19)","decl":{"start":{"line":328,"column":9},"end":{"line":328,"column":11}},"loc":{"start":{"line":330,"column":32},"end":{"line":337,"column":3}}},"18":{"name":"(anonymous_20)","decl":{"start":{"line":334,"column":11},"end":{"line":334,"column":20}},"loc":{"start":{"line":334,"column":22},"end":{"line":336,"column":5}}},"19":{"name":"(anonymous_22)","decl":{"start":{"line":352,"column":23},"end":{"line":352,"column":24}},"loc":{"start":{"line":352,"column":49},"end":{"line":373,"column":5}}},"20":{"name":"(anonymous_23)","decl":{"start":{"line":357,"column":25},"end":{"line":357,"column":26}},"loc":{"start":{"line":357,"column":70},"end":{"line":361,"column":9}}},"21":{"name":"(anonymous_24)","decl":{"start":{"line":363,"column":16},"end":{"line":363,"column":19}},"loc":{"start":{"line":363,"column":22},"end":{"line":363,"column":47}}},"22":{"name":"(anonymous_25)","decl":{"start":{"line":399,"column":9},"end":{"line":399,"column":14}},"loc":{"start":{"line":406,"column":39},"end":{"line":411,"column":3}}},"23":{"name":"(anonymous_26)","decl":{"start":{"line":416,"column":9},"end":{"line":416,"column":14}},"loc":{"start":{"line":419,"column":23},"end":{"line":432,"column":3}}},"24":{"name":"(anonymous_27)","decl":{"start":{"line":424,"column":14},"end":{"line":424,"column":17}},"loc":{"start":{"line":424,"column":20},"end":{"line":424,"column":72}}},"25":{"name":"(anonymous_28)","decl":{"start":{"line":435,"column":10},"end":{"line":435,"column":14}},"loc":{"start":{"line":435,"column":61},"end":{"line":437,"column":3}}}},"branchMap":{"0":{"loc":{"start":{"line":148,"column":8},"end":{"line":148,"column":39}},"type":"cond-expr","locations":[{"start":{"line":148,"column":8},"end":{"line":148,"column":39}},{"start":{"line":149,"column":8},"end":{"line":149,"column":42}}]},"1":{"loc":{"start":{"line":155,"column":4},"end":{"line":159,"column":null}},"type":"if","locations":[{"start":{"line":155,"column":4},"end":{"line":159,"column":null}},{"start":{"line":155,"column":4},"end":{"line":159,"column":null}}]},"2":{"loc":{"start":{"line":169,"column":6},"end":{"line":182,"column":null}},"type":"if","locations":[{"start":{"line":169,"column":6},"end":{"line":182,"column":null}},{"start":{"line":169,"column":6},"end":{"line":182,"column":null}}]},"3":{"loc":{"start":{"line":179,"column":8},"end":{"line":181,"column":null}},"type":"if","locations":[{"start":{"line":179,"column":8},"end":{"line":181,"column":null}},{"start":{"line":179,"column":8},"end":{"line":181,"column":null}}]},"4":{"loc":{"start":{"line":191,"column":19},"end":{"line":191,"column":56}},"type":"binary-expr","locations":[{"start":{"line":191,"column":19},"end":{"line":191,"column":56}},{"start":{"line":191,"column":60},"end":{"line":191,"column":75}},{"start":{"line":191,"column":79},"end":{"line":191,"column":88}}]},"5":{"loc":{"start":{"line":195,"column":4},"end":{"line":202,"column":null}},"type":"if","locations":[{"start":{"line":195,"column":4},"end":{"line":202,"column":null}},{"start":{"line":195,"column":4},"end":{"line":202,"column":null}}]},"6":{"loc":{"start":{"line":219,"column":4},"end":{"line":229,"column":null}},"type":"if","locations":[{"start":{"line":219,"column":4},"end":{"line":229,"column":null}},{"start":{"line":219,"column":4},"end":{"line":229,"column":null}}]},"7":{"loc":{"start":{"line":221,"column":6},"end":{"line":226,"column":null}},"type":"if","locations":[{"start":{"line":221,"column":6},"end":{"line":226,"column":null}},{"start":{"line":221,"column":6},"end":{"line":226,"column":null}}]},"8":{"loc":{"start":{"line":236,"column":4},"end":{"line":239,"column":null}},"type":"if","locations":[{"start":{"line":236,"column":4},"end":{"line":239,"column":null}},{"start":{"line":236,"column":4},"end":{"line":239,"column":null}}]},"9":{"loc":{"start":{"line":236,"column":8},"end":{"line":236,"column":29}},"type":"binary-expr","locations":[{"start":{"line":236,"column":8},"end":{"line":236,"column":29}},{"start":{"line":236,"column":29},"end":{"line":236,"column":42}}]},"10":{"loc":{"start":{"line":241,"column":4},"end":{"line":246,"column":null}},"type":"if","locations":[{"start":{"line":241,"column":4},"end":{"line":246,"column":null}},{"start":{"line":241,"column":4},"end":{"line":246,"column":null}}]},"11":{"loc":{"start":{"line":241,"column":8},"end":{"line":241,"column":29}},"type":"binary-expr","locations":[{"start":{"line":241,"column":8},"end":{"line":241,"column":29}},{"start":{"line":241,"column":29},"end":{"line":241,"column":44}}]},"12":{"loc":{"start":{"line":248,"column":4},"end":{"line":253,"column":null}},"type":"if","locations":[{"start":{"line":248,"column":4},"end":{"line":253,"column":null}},{"start":{"line":248,"column":4},"end":{"line":253,"column":null}}]},"13":{"loc":{"start":{"line":248,"column":8},"end":{"line":248,"column":26}},"type":"binary-expr","locations":[{"start":{"line":248,"column":8},"end":{"line":248,"column":26}},{"start":{"line":248,"column":30},"end":{"line":248,"column":43}}]},"14":{"loc":{"start":{"line":268,"column":11},"end":{"line":268,"column":24}},"type":"binary-expr","locations":[{"start":{"line":268,"column":11},"end":{"line":268,"column":24}},{"start":{"line":268,"column":28},"end":{"line":268,"column":46}}]},"15":{"loc":{"start":{"line":279,"column":10},"end":{"line":281,"column":null}},"type":"if","locations":[{"start":{"line":279,"column":10},"end":{"line":281,"column":null}},{"start":{"line":279,"column":10},"end":{"line":281,"column":null}}]},"16":{"loc":{"start":{"line":121,"column":20},"end":{"line":121,"column":22}},"type":"binary-expr","locations":[{"start":{"line":121,"column":20},"end":{"line":121,"column":22}},{"start":{"line":121,"column":26},"end":{"line":121,"column":33}}]},"17":{"loc":{"start":{"line":122,"column":15},"end":{"line":122,"column":17}},"type":"binary-expr","locations":[{"start":{"line":122,"column":15},"end":{"line":122,"column":17}},{"start":{"line":122,"column":21},"end":{"line":122,"column":31}}]},"18":{"loc":{"start":{"line":297,"column":6},"end":{"line":300,"column":null}},"type":"if","locations":[{"start":{"line":297,"column":6},"end":{"line":300,"column":null}},{"start":{"line":297,"column":6},"end":{"line":300,"column":null}}]},"19":{"loc":{"start":{"line":302,"column":6},"end":{"line":304,"column":null}},"type":"if","locations":[{"start":{"line":302,"column":6},"end":{"line":304,"column":null}},{"start":{"line":302,"column":6},"end":{"line":304,"column":null}}]},"20":{"loc":{"start":{"line":359,"column":14},"end":{"line":359,"column":27}},"type":"cond-expr","locations":[{"start":{"line":359,"column":14},"end":{"line":359,"column":27}},{"start":{"line":360,"column":14},"end":{"line":360,"column":29}}]},"21":{"loc":{"start":{"line":423,"column":4},"end":{"line":427,"column":null}},"type":"if","locations":[{"start":{"line":423,"column":4},"end":{"line":427,"column":null}},{"start":{"line":423,"column":4},"end":{"line":427,"column":null}}]}},"s":{"0":1,"1":1,"2":1,"3":3,"4":3,"5":3,"6":3,"7":3,"8":3,"9":3,"10":3,"11":3,"12":3,"13":3,"14":3,"15":3,"16":38,"17":0,"18":38,"19":38,"20":3,"21":34,"22":34,"23":0,"24":0,"25":0,"26":34,"27":34,"28":34,"29":34,"30":34,"31":7,"32":7,"33":7,"34":0,"35":0,"36":34,"37":3,"38":4,"39":4,"40":4,"41":4,"42":0,"43":0,"44":0,"45":0,"46":4,"47":4,"48":4,"49":4,"50":0,"51":3,"52":6,"53":0,"54":0,"55":0,"56":0,"57":0,"58":0,"59":6,"60":6,"61":6,"62":6,"63":0,"64":6,"65":0,"66":0,"67":0,"68":0,"69":6,"70":3,"71":3,"72":3,"73":3,"74":3,"75":6,"76":0,"77":3,"78":3,"79":3,"80":3,"81":38,"82":0,"83":0,"84":0,"85":3,"86":0,"87":3,"88":3,"89":3,"90":3,"91":1485,"92":0,"93":3,"94":3,"95":3,"96":3,"97":3,"98":3,"99":3,"100":0,"101":6,"102":9,"103":9,"104":0,"105":34,"106":34,"107":34,"108":34,"109":34,"110":34,"111":34,"112":0,"113":34,"114":34,"115":7,"116":7,"117":0,"118":0,"119":0,"120":0,"121":0,"122":0,"123":0,"124":6},"f":{"0":3,"1":38,"2":0,"3":34,"4":0,"5":4,"6":0,"7":6,"8":6,"9":0,"10":3,"11":38,"12":0,"13":1485,"14":0,"15":3,"16":6,"17":9,"18":0,"19":34,"20":34,"21":0,"22":7,"23":0,"24":0,"25":6},"b":{"0":[34,4],"1":[0,34],"2":[7,27],"3":[0,7],"4":[4,4,0],"5":[0,4],"6":[0,6],"7":[0,0],"8":[0,6],"9":[6,0],"10":[0,6],"11":[6,0],"12":[3,3],"13":[6,6],"14":[3,3],"15":[0,0],"16":[3,3],"17":[3,0],"18":[3,0],"19":[3,0],"20":[0,34],"21":[0,0]}}
,"/Users/stormsheep/Documents/repos/parity/substrate-connect/packages/connect/src/SmoldotProvider/errors.ts": {"path":"/Users/stormsheep/Documents/repos/parity/substrate-connect/packages/connect/src/SmoldotProvider/errors.ts","statementMap":{"0":{"start":{"line":9,"column":4},"end":{"line":9,"column":19}},"1":{"start":{"line":2,"column":2},"end":{"line":2,"column":23}},"2":{"start":{"line":10,"column":4},"end":{"line":10,"column":27}},"3":{"start":{"line":12,"column":4},"end":{"line":12,"column":54}},"4":{"start":{"line":5,"column":4},"end":{"line":5,"column":23}}},"fnMap":{"0":{"name":"(anonymous_2)","decl":{"start":{"line":8,"column":2},"end":{"line":8,"column":14}},"loc":{"start":{"line":8,"column":84},"end":{"line":13,"column":3}}},"1":{"name":"(anonymous_3)","decl":{"start":{"line":4,"column":2},"end":{"line":4,"column":10}},"loc":{"start":{"line":4,"column":10},"end":{"line":6,"column":3}}}},"branchMap":{"0":{"loc":{"start":{"line":8,"column":39},"end":{"line":8,"column":84}},"type":"default-arg","locations":[{"start":{"line":8,"column":39},"end":{"line":8,"column":84}}]}},"s":{"0":0,"1":0,"2":0,"3":0,"4":0},"f":{"0":0,"1":0},"b":{"0":[0]}}
,"/Users/stormsheep/Documents/repos/parity/substrate-connect/packages/connect/src/utils/index.ts": {"path":"/Users/stormsheep/Documents/repos/parity/substrate-connect/packages/connect/src/utils/index.ts","statementMap":{"0":{"start":{"line":1,"column":20},"end":{"line":3,"column":1}},"1":{"start":{"line":2,"column":4},"end":{"line":2,"column":40}}},"fnMap":{"0":{"name":"(anonymous_0)","decl":{"start":{"line":1,"column":20},"end":{"line":1,"column":21}},"loc":{"start":{"line":1,"column":60},"end":{"line":3,"column":1}}}},"branchMap":{},"s":{"0":1,"1":38},"f":{"0":38},"b":{}}
}
