TN:
SF:packages/connect/src/SmoldotProvider/BrowserDatabase.ts
FN:12,(anonymous_2)
FN:16,(anonymous_3)
FN:20,(anonymous_4)
FN:24,(anonymous_5)
FN:29,create
FNF:5
FNH:0
FNDA:0,(anonymous_2)
FNDA:0,(anonymous_3)
FNDA:0,(anonymous_4)
FNDA:0,(anonymous_5)
FNDA:0,create
DA:10,0
DA:13,0
DA:17,0
DA:21,0
DA:25,0
DA:30,0
LF:6
LH:0
BRDA:17,0,0,0
BRDA:17,0,1,0
BRF:2
BRH:0
end_of_record
TN:
SF:packages/connect/src/SmoldotProvider/Database.ts
FN:46,(anonymous_0)
FN:65,database
FNF:2
FNH:0
FNDA:0,(anonymous_0)
FNDA:0,database
DA:46,1
DA:47,0
DA:66,0
DA:68,0
LF:4
LH:1
BRDA:66,0,0,0
BRDA:66,0,1,0
BRF:2
BRH:0
end_of_record
TN:
SF:packages/connect/src/SmoldotProvider/FsDatabase.ts
FN:17,(anonymous_2)
FN:25,(anonymous_3)
FN:40,(anonymous_4)
FN:44,(anonymous_5)
FN:49,create
FNF:5
FNH:2
FNDA:3,(anonymous_2)
FNDA:3,(anonymous_3)
FNDA:0,(anonymous_4)
FNDA:0,(anonymous_5)
FNDA:0,create
DA:15,3
DA:18,3
DA:19,3
DA:20,3
DA:22,3
DA:26,3
DA:27,3
DA:30,3
DA:31,3
DA:34,0
DA:37,0
DA:41,0
DA:45,0
DA:50,0
LF:14
LH:9
BRDA:30,0,0,3
BRDA:30,0,1,0
BRF:2
BRH:1
end_of_record
TN:
SF:packages/connect/src/SmoldotProvider/SmoldotProvider.ts
FN:119,(anonymous_2)
FN:142,(anonymous_3)
FN:143,(anonymous_4)
FN:152,(anonymous_5)
FN:156,(anonymous_6)
FN:190,(anonymous_7)
FN:199,(anonymous_8)
FN:216,(anonymous_9)
FN:258,(anonymous_10)
FN:261,(anonymous_11)
FN:267,(anonymous_12)
FN:274,(anonymous_13)
FN:277,(anonymous_14)
FN:130,(anonymous_15)
FN:138,(anonymous_16)
FN:295,(anonymous_17)
FN:317,(anonymous_18)
FN:328,(anonymous_19)
FN:334,(anonymous_20)
FN:352,(anonymous_22)
FN:357,(anonymous_23)
FN:363,(anonymous_24)
FN:399,(anonymous_25)
FN:416,(anonymous_26)
FN:424,(anonymous_27)
FN:435,(anonymous_28)
FNF:26
FNH:16
FNDA:3,(anonymous_2)
FNDA:38,(anonymous_3)
FNDA:0,(anonymous_4)
FNDA:34,(anonymous_5)
FNDA:0,(anonymous_6)
FNDA:4,(anonymous_7)
FNDA:0,(anonymous_8)
FNDA:6,(anonymous_9)
FNDA:6,(anonymous_10)
FNDA:0,(anonymous_11)
FNDA:3,(anonymous_12)
FNDA:38,(anonymous_13)
FNDA:0,(anonymous_14)
FNDA:1485,(anonymous_15)
FNDA:0,(anonymous_16)
FNDA:3,(anonymous_17)
FNDA:6,(anonymous_18)
FNDA:9,(anonymous_19)
FNDA:0,(anonymous_20)
FNDA:34,(anonymous_22)
FNDA:34,(anonymous_23)
FNDA:0,(anonymous_24)
FNDA:7,(anonymous_25)
FNDA:0,(anonymous_26)
FNDA:0,(anonymous_27)
FNDA:6,(anonymous_28)
DA:20,1
DA:48,1
DA:58,1
DA:93,3
DA:94,3
DA:95,3
DA:96,3
DA:97,3
DA:98,3
DA:99,3
DA:100,3
DA:101,3
DA:102,3
DA:105,3
DA:110,3
DA:120,3
DA:121,3
DA:122,3
DA:123,3
DA:131,1485
DA:139,0
DA:142,3
DA:143,38
DA:145,38
DA:147,38
DA:152,3
DA:153,34
DA:155,34
DA:156,0
DA:158,0
DA:161,34
DA:162,34
DA:163,34
DA:167,34
DA:169,34
DA:170,7
DA:172,7
DA:179,7
DA:180,0
DA:184,0
DA:187,34
DA:190,3
DA:191,4
DA:192,4
DA:193,4
DA:195,4
DA:197,0
DA:199,0
DA:201,0
DA:205,4
DA:207,4
DA:208,4
DA:210,4
DA:212,0
DA:216,3
DA:219,6
DA:221,0
DA:222,0
DA:223,0
DA:224,0
DA:225,0
DA:228,0
DA:231,6
DA:233,6
DA:234,6
DA:236,6
DA:238,0
DA:241,6
DA:242,0
DA:243,0
DA:244,0
DA:245,0
DA:248,6
DA:249,3
DA:250,3
DA:251,3
DA:252,3
DA:258,3
DA:259,6
DA:261,0
DA:267,3
DA:268,3
DA:269,3
DA:270,3
DA:275,38
DA:278,0
DA:279,0
DA:280,0
DA:284,3
DA:287,0
DA:296,3
DA:297,3
DA:299,3
DA:302,3
DA:303,3
DA:306,3
DA:307,3
DA:309,0
DA:318,6
DA:332,9
DA:334,9
DA:335,0
DA:352,34
DA:353,34
DA:354,34
DA:355,34
DA:357,34
DA:358,34
DA:363,34
DA:365,34
DA:372,34
DA:408,7
DA:410,7
DA:421,0
DA:423,0
DA:424,0
DA:426,0
DA:429,0
DA:431,0
DA:436,6
LF:120
LH:87
BRDA:148,0,0,34
BRDA:148,0,1,4
BRDA:155,1,0,0
BRDA:155,1,1,34
BRDA:169,2,0,7
BRDA:169,2,1,27
BRDA:179,3,0,0
BRDA:179,3,1,7
BRDA:191,4,0,4
BRDA:191,4,1,4
BRDA:191,4,2,0
BRDA:195,5,0,0
BRDA:195,5,1,4
BRDA:219,6,0,0
BRDA:219,6,1,6
BRDA:221,7,0,0
BRDA:221,7,1,0
BRDA:236,8,0,0
BRDA:236,8,1,6
BRDA:236,9,0,6
BRDA:236,9,1,0
BRDA:241,10,0,0
BRDA:241,10,1,6
BRDA:241,11,0,6
BRDA:241,11,1,0
BRDA:248,12,0,3
BRDA:248,12,1,3
BRDA:248,13,0,6
BRDA:248,13,1,6
BRDA:268,14,0,3
BRDA:268,14,1,3
BRDA:279,15,0,0
BRDA:279,15,1,0
BRDA:121,16,0,3
BRDA:121,16,1,3
BRDA:122,17,0,3
BRDA:122,17,1,0
BRDA:297,18,0,3
BRDA:297,18,1,0
BRDA:302,19,0,3
BRDA:302,19,1,0
BRDA:359,20,0,0
BRDA:359,20,1,34
BRDA:423,21,0,0
BRDA:423,21,1,0
BRF:45
BRH:26
end_of_record
TN:
SF:packages/connect/src/SmoldotProvider/errors.ts
FN:8,(anonymous_2)
FN:4,(anonymous_3)
FNF:2
FNH:0
FNDA:0,(anonymous_2)
FNDA:0,(anonymous_3)
DA:2,0
DA:5,0
DA:9,0
DA:10,0
DA:12,0
LF:5
LH:0
BRDA:8,0,0,0
BRF:1
BRH:0
end_of_record
TN:
SF:packages/connect/src/utils/index.ts
FN:1,(anonymous_0)
FNF:1
FNH:1
FNDA:38,(anonymous_0)
DA:1,1
DA:2,38
LF:2
LH:2
BRF:0
BRH:0
end_of_record
