TN:
SF:packages/connect/src/SmoldotProvider/BrowserDatabase.ts
FN:12,(anonymous_2)
FN:16,(anonymous_3)
FN:20,(anonymous_4)
FN:24,(anonymous_5)
FN:29,create
FNF:5
FNH:0
FNDA:0,(anonymous_2)
FNDA:0,(anonymous_3)
FNDA:0,(anonymous_4)
FNDA:0,(anonymous_5)
FNDA:0,create
DA:10,0
DA:13,0
DA:17,0
DA:21,0
DA:25,0
DA:30,0
LF:6
LH:0
BRDA:17,0,0,0
BRDA:17,0,1,0
BRF:2
BRH:0
end_of_record
TN:
SF:packages/connect/src/SmoldotProvider/Database.ts
FN:46,(anonymous_0)
FN:65,database
FNF:2
FNH:0
FNDA:0,(anonymous_0)
FNDA:0,database
DA:46,1
DA:47,0
DA:66,0
DA:68,0
LF:4
LH:1
BRDA:66,0,0,0
BRDA:66,0,1,0
BRF:2
BRH:0
end_of_record
TN:
SF:packages/connect/src/SmoldotProvider/FsDatabase.ts
FN:17,(anonymous_2)
FN:25,(anonymous_3)
FN:40,(anonymous_4)
FN:44,(anonymous_5)
FN:49,create
FNF:5
FNH:2
FNDA:1,(anonymous_2)
FNDA:1,(anonymous_3)
FNDA:0,(anonymous_4)
FNDA:0,(anonymous_5)
FNDA:0,create
DA:15,1
DA:18,1
DA:19,1
DA:20,1
DA:22,1
DA:26,1
DA:27,1
DA:30,0
DA:31,0
DA:34,0
DA:37,1
DA:41,0
DA:45,0
DA:50,0
LF:14
LH:8
BRDA:30,0,0,0
BRDA:30,0,1,0
BRF:2
BRH:0
end_of_record
TN:
SF:packages/connect/src/SmoldotProvider/SmoldotProvider.ts
FN:119,(anonymous_2)
FN:142,(anonymous_3)
FN:143,(anonymous_4)
FN:152,(anonymous_5)
FN:156,(anonymous_6)
FN:190,(anonymous_7)
FN:199,(anonymous_8)
FN:216,(anonymous_9)
FN:258,(anonymous_10)
FN:261,(anonymous_11)
FN:130,(anonymous_12)
FN:138,(anonymous_13)
FN:267,(anonymous_14)
FN:274,(anonymous_15)
FN:277,(anonymous_16)
FN:284,(anonymous_17)
FN:289,(anonymous_18)
FN:299,(anonymous_19)
FN:318,(anonymous_20)
FN:329,(anonymous_21)
FN:335,(anonymous_22)
FN:353,(anonymous_24)
FN:358,(anonymous_25)
FN:364,(anonymous_26)
FN:400,(anonymous_27)
FN:417,(anonymous_28)
FN:425,(anonymous_29)
FN:436,(anonymous_30)
FNF:28
FNH:17
FNDA:1,(anonymous_2)
FNDA:17,(anonymous_3)
FNDA:0,(anonymous_4)
FNDA:14,(anonymous_5)
FNDA:0,(anonymous_6)
FNDA:3,(anonymous_7)
FNDA:0,(anonymous_8)
FNDA:2,(anonymous_9)
FNDA:2,(anonymous_10)
FNDA:0,(anonymous_11)
FNDA:495,(anonymous_12)
FNDA:0,(anonymous_13)
FNDA:1,(anonymous_14)
FNDA:17,(anonymous_15)
FNDA:0,(anonymous_16)
FNDA:1,(anonymous_17)
FNDA:0,(anonymous_18)
FNDA:1,(anonymous_19)
FNDA:2,(anonymous_20)
FNDA:3,(anonymous_21)
FNDA:0,(anonymous_22)
FNDA:14,(anonymous_24)
FNDA:14,(anonymous_25)
FNDA:0,(anonymous_26)
FNDA:3,(anonymous_27)
FNDA:0,(anonymous_28)
FNDA:0,(anonymous_29)
FNDA:2,(anonymous_30)
DA:20,1
DA:48,1
DA:58,1
DA:93,1
DA:94,1
DA:95,1
DA:96,1
DA:97,1
DA:98,1
DA:99,1
DA:100,1
DA:101,1
DA:102,1
DA:105,1
DA:110,1
DA:120,1
DA:121,1
DA:122,1
DA:123,1
DA:131,495
DA:139,0
DA:142,1
DA:143,17
DA:145,17
DA:147,17
DA:152,1
DA:153,14
DA:155,14
DA:156,0
DA:158,0
DA:161,14
DA:162,14
DA:163,14
DA:167,14
DA:169,14
DA:170,3
DA:172,3
DA:179,3
DA:180,0
DA:184,0
DA:187,14
DA:190,1
DA:191,3
DA:192,3
DA:193,3
DA:195,3
DA:197,0
DA:199,0
DA:201,0
DA:205,3
DA:207,3
DA:208,3
DA:210,3
DA:212,0
DA:216,1
DA:219,2
DA:221,0
DA:222,0
DA:223,0
DA:224,0
DA:225,0
DA:228,0
DA:231,2
DA:233,2
DA:234,2
DA:236,2
DA:238,0
DA:241,2
DA:242,0
DA:243,0
DA:244,0
DA:245,0
DA:248,2
DA:249,1
DA:250,1
DA:251,1
DA:252,1
DA:258,1
DA:259,2
DA:261,0
DA:268,1
DA:270,1
DA:275,17
DA:278,0
DA:279,0
DA:280,0
DA:285,1
DA:286,1
DA:290,0
DA:291,0
DA:300,1
DA:301,1
DA:304,1
DA:305,1
DA:308,1
DA:309,1
DA:311,1
DA:319,2
DA:333,3
DA:335,3
DA:336,0
DA:353,14
DA:354,14
DA:355,14
DA:356,14
DA:358,14
DA:359,14
DA:364,14
DA:366,14
DA:373,14
DA:409,3
DA:411,3
DA:422,0
DA:424,0
DA:425,0
DA:427,0
DA:430,0
DA:432,0
DA:437,2
LF:119
LH:86
BRDA:148,0,0,14
BRDA:148,0,1,3
BRDA:155,1,0,0
BRDA:155,1,1,14
BRDA:169,2,0,3
BRDA:169,2,1,11
BRDA:179,3,0,0
BRDA:179,3,1,3
BRDA:191,4,0,3
BRDA:191,4,1,3
BRDA:191,4,2,0
BRDA:195,5,0,0
BRDA:195,5,1,3
BRDA:219,6,0,0
BRDA:219,6,1,2
BRDA:221,7,0,0
BRDA:221,7,1,0
BRDA:236,8,0,0
BRDA:236,8,1,2
BRDA:236,9,0,2
BRDA:236,9,1,0
BRDA:241,10,0,0
BRDA:241,10,1,2
BRDA:241,11,0,2
BRDA:241,11,1,0
BRDA:248,12,0,1
BRDA:248,12,1,1
BRDA:248,13,0,2
BRDA:248,13,1,2
BRDA:121,14,0,1
BRDA:121,14,1,1
BRDA:122,15,0,1
BRDA:122,15,1,0
BRDA:268,16,0,1
BRDA:268,16,1,1
BRDA:279,17,0,0
BRDA:279,17,1,0
BRDA:300,18,0,1
BRDA:300,18,1,0
BRDA:304,19,0,1
BRDA:304,19,1,0
BRDA:360,20,0,0
BRDA:360,20,1,14
BRDA:424,21,0,0
BRDA:424,21,1,0
BRF:45
BRH:26
end_of_record
TN:
SF:packages/connect/src/SmoldotProvider/errors.ts
FN:8,(anonymous_2)
FN:4,(anonymous_3)
FNF:2
FNH:0
FNDA:0,(anonymous_2)
FNDA:0,(anonymous_3)
DA:2,0
DA:5,0
DA:9,0
DA:10,0
DA:12,0
LF:5
LH:0
BRDA:8,0,0,0
BRF:1
BRH:0
end_of_record
TN:
SF:packages/connect/src/utils/index.ts
FN:1,(anonymous_0)
FNF:1
FNH:1
FNDA:17,(anonymous_0)
DA:1,1
DA:2,17
LF:2
LH:2
BRF:0
BRH:0
end_of_record
